Arguments: 
  C:\Program Files\nodejs\node.exe C:\Program Files (x86)\Yarn\bin\yarn.js add -g react-resize-image --save

PATH: 
  C:\Users\deois\AppData\Roaming\npm;C:\Program Files\nodejs\;C:\WINDOWS\system32;C:\WINDOWS;C:\WINDOWS\System32\Wbem;C:\WINDOWS\System32\WindowsPowerShell\v1.0\;C:\Program Files\nodejs\;C:\Program Files (x86)\Yarn\bin\;C:\Program Files\Git\cmd;C:\Users\deois\AppData\Local\Microsoft\WindowsApps;C:\Program Files\Microsoft VS Code\bin;C:\Users\deois\AppData\Roaming\npm;C:\Users\deois\AppData\Local\Yarn\bin

Yarn version: 
  1.5.1

Node version: 
  8.9.4

Platform: 
  win32 x64

npm manifest: 
  {
    "name": "imagemosaic",
    "version": "1.0.0",
    "description": "image gallery ",
    "main": "index.js",
    "scripts": {
      "start": "react-scripts start -hot",
      "build": "react-scripts build",
      "start:dev": "webpack-dev-server start -hot",
      "build:dev": "webpack-dev-server build",
      "test": "react-scripts test --env=jsdom",
      "eject": "react-scripts eject"
    },
    "repository": {
      "type": "git",
      "url": "imageMosiac"
    },
    "author": "Anthony Dickerson <deoism@gmail.com>",
    "license": "ISC",
    "dependencies": {
      "body-parser": "^1.18.2",
      "create-react-app": "^1.5.2",
      "express": "^4.16.2",
      "graphicsmagick": "0.0.1",
      "imagemagick": "^0.1.3",
      "react": "^16.2.0",
      "react-bootstrap": "^0.32.1",
      "react-dom": "^16.2.0",
      "react-scripts": "^1.1.1",
      "webpack": "^3.11.0",
      "webpack-dev-server": "^2.11.1"
    },
    "devDependencies": {}
  }

yarn manifest: 
  No manifest

Lockfile: 
  No lockfile

Trace: 
  Error: Missing list of packages to add to your project.
      at new MessageError (C:\Program Files (x86)\Yarn\lib\cli.js:186:110)
      at Object.<anonymous> (C:\Program Files (x86)\Yarn\lib\cli.js:40587:13)
      at Generator.next (<anonymous>)
      at step (C:\Program Files (x86)\Yarn\lib\cli.js:98:30)
      at C:\Program Files (x86)\Yarn\lib\cli.js:116:14
      at new Promise (<anonymous>)
      at new F (C:\Program Files (x86)\Yarn\lib\cli.js:23451:28)
      at Object.<anonymous> (C:\Program Files (x86)\Yarn\lib\cli.js:95:12)
      at Object.run (C:\Program Files (x86)\Yarn\lib\cli.js:40599:19)
      at run (C:\Program Files (x86)\Yarn\lib\cli.js:89113:20)
